2025-03-12 19:18:57,729 [INFO] Activator:176 - 


2025-03-12 19:18:57,734 [INFO] Activator:177 - !SESSION log4j initialized
2025-03-12 19:19:05,872 [INFO] LogOutputStream:77 - [STDOUT_REDIRECT] 
2025-03-12 19:19:08,609 [INFO] ApplicationProperties:184 - Using Application install path: /home/celik/st/stm32cubeide_1.17.0/plugins/com.st.stm32cube.common.mx_6.13.0.202411220809
2025-03-12 19:19:08,632 [INFO] DbMcusXml:78 - Set database path to: /home/celik/st/stm32cubeide_1.17.0/plugins/com.st.stm32cube.common.mx_6.13.0.202411220809//db//mcu/
2025-03-12 19:19:08,633 [INFO] ApiDb:274 - Set plugin database path to: /home/celik/st/stm32cubeide_1.17.0/plugins/com.st.stm32cube.common.mx_6.13.0.202411220809//db//plugins/boardmanager/
2025-03-12 19:19:08,633 [WARN] ApiDb:259 - Overriding images path with different value:  => /home/celik/st/stm32cubeide_1.17.0/plugins/com.st.stm32cube.common.mx_6.13.0.202411220809//db//plugins/mcufinder/images/
2025-03-12 19:19:08,646 [INFO] ApiDb:250 - Set database path to: /home/celik/.stmcufinder/plugins/mcufinder//mcu/
2025-03-12 19:19:08,648 [INFO] DbMcusAds:125 - Set database path to: /home/celik/.stmcufinder/plugins/mcufinder//mcu/
2025-03-12 19:19:08,652 [INFO] CrossReferenceDbSqlite:203 - Set database path to: /home/celik/.stmcufinder/plugins/mcufinder//mcu/cs/
2025-03-12 19:19:08,856 [INFO] RulesReader:64 - Compatibility file has been processed (297 Rules)
2025-03-12 19:19:08,981 [INFO] DbMcusXml:78 - Set database path to: /home/celik/st/stm32cubeide_1.17.0/plugins/com.st.stm32cube.common.mx_6.13.0.202411220809//db//mcu/
2025-03-12 19:19:08,981 [INFO] ApiDb:274 - Set plugin database path to: /home/celik/st/stm32cubeide_1.17.0/plugins/com.st.stm32cube.common.mx_6.13.0.202411220809//db//plugins/boardmanager/
2025-03-12 19:19:08,982 [INFO] ApiDb:261 - Set plugin images path to: /home/celik/st/stm32cubeide_1.17.0/plugins/com.st.stm32cube.common.mx_6.13.0.202411220809//db//plugins/mcufinder/images/
2025-03-12 19:19:08,982 [WARN] DbFile:41 - Overriding database path with different value: /home/celik/.stmcufinder/plugins/mcufinder/ => /home/celik/.stmcufinder/plugins/mcufinder
2025-03-12 19:19:08,982 [INFO] ApiDb:250 - Set database path to: /home/celik/.stmcufinder/plugins/mcufinder//mcu/
2025-03-12 19:19:08,982 [WARN] DbFile:41 - Overriding database path with different value: /home/celik/.stmcufinder/plugins/mcufinder/ => /home/celik/.stmcufinder/plugins/mcufinder
2025-03-12 19:19:08,982 [INFO] DbMcusAds:125 - Set database path to: /home/celik/.stmcufinder/plugins/mcufinder//mcu/
2025-03-12 19:19:08,982 [WARN] DbFile:41 - Overriding database path with different value: /home/celik/.stmcufinder/plugins/mcufinder/ => /home/celik/.stmcufinder/plugins/mcufinder
2025-03-12 19:19:08,982 [WARN] DbFile:41 - Overriding database path with different value: /home/celik/.stmcufinder/plugins/mcufinder/ => /home/celik/.stmcufinder/plugins/mcufinder
2025-03-12 19:19:08,982 [INFO] CrossReferenceDbSqlite:203 - Set database path to: /home/celik/.stmcufinder/plugins/mcufinder//mcu/cs/
2025-03-12 19:19:09,132 [INFO] MainPanel:272 - HeapMemory: 268435456
2025-03-12 19:19:09,350 [INFO] DbMcusXml:78 - Set database path to: /home/celik/st/stm32cubeide_1.17.0/plugins/com.st.stm32cube.common.mx_6.13.0.202411220809//db//mcu/
2025-03-12 19:19:09,350 [INFO] ApiDb:274 - Set plugin database path to: /home/celik/st/stm32cubeide_1.17.0/plugins/com.st.stm32cube.common.mx_6.13.0.202411220809//db//plugins/boardmanager/
2025-03-12 19:19:09,350 [INFO] ApiDb:261 - Set plugin images path to: /home/celik/st/stm32cubeide_1.17.0/plugins/com.st.stm32cube.common.mx_6.13.0.202411220809//db//plugins/mcufinder/images/
2025-03-12 19:19:09,351 [WARN] DbFile:41 - Overriding database path with different value: /home/celik/.stmcufinder/plugins/mcufinder/ => /home/celik/.stmcufinder/plugins/mcufinder
2025-03-12 19:19:09,351 [INFO] ApiDb:250 - Set database path to: /home/celik/.stmcufinder/plugins/mcufinder//mcu/
2025-03-12 19:19:09,351 [WARN] DbFile:41 - Overriding database path with different value: /home/celik/.stmcufinder/plugins/mcufinder/ => /home/celik/.stmcufinder/plugins/mcufinder
2025-03-12 19:19:09,351 [INFO] DbMcusAds:125 - Set database path to: /home/celik/.stmcufinder/plugins/mcufinder//mcu/
2025-03-12 19:19:09,351 [WARN] DbFile:41 - Overriding database path with different value: /home/celik/.stmcufinder/plugins/mcufinder/ => /home/celik/.stmcufinder/plugins/mcufinder
2025-03-12 19:19:09,351 [WARN] DbFile:41 - Overriding database path with different value: /home/celik/.stmcufinder/plugins/mcufinder/ => /home/celik/.stmcufinder/plugins/mcufinder
2025-03-12 19:19:09,351 [INFO] CrossReferenceDbSqlite:203 - Set database path to: /home/celik/.stmcufinder/plugins/mcufinder//mcu/cs/
2025-03-12 19:19:09,369 [INFO] ApplicationProperties:184 - Using Application install path: /home/celik/st/stm32cubeide_1.17.0/plugins/com.st.stm32cube.common.mx_6.13.0.202411220809
2025-03-12 19:19:09,371 [INFO] PluginManage:196 - Search for loadable plugins [exclusion list=, ]
2025-03-12 19:19:09,373 [INFO] PluginManage:310 - Check plugin analytics
2025-03-12 19:19:09,556 [INFO] AnalyticsPlugin:253 - Accepted Software Licenses: STM32CubeMX.6.12.1
2025-03-12 19:19:09,556 [INFO] AnalyticsPlugin:255 - Accepted CMSIS Pack Licenses: 
2025-03-12 19:19:09,556 [INFO] AnalyticsPlugin:257 - Accepted Firmware Licenses: 
2025-03-12 19:19:09,560 [INFO] PluginManage:359 - Loaded plugin analytics (category:tool,tabindex:-1)
2025-03-12 19:19:09,560 [INFO] PluginManage:310 - Check plugin cadmodel
2025-03-12 19:19:09,567 [INFO] CADModel:105 - Init CAD model plugin
2025-03-12 19:19:09,567 [INFO] PluginManage:359 - Loaded plugin cadmodel (category:power,tabindex:5)
2025-03-12 19:19:09,567 [INFO] PluginManage:310 - Check plugin clock
2025-03-12 19:19:09,578 [INFO] PluginManage:359 - Loaded plugin clock (category:base,tabindex:2)
2025-03-12 19:19:09,578 [INFO] PluginManage:310 - Check plugin ddr
2025-03-12 19:19:09,581 [INFO] PluginManage:359 - Loaded plugin ddr (category:tool,tabindex:6)
2025-03-12 19:19:09,582 [INFO] PluginManage:310 - Check plugin filemanager
2025-03-12 19:19:09,747 [INFO] PluginManage:359 - Loaded plugin filemanager (category:base,tabindex:10)
2025-03-12 19:19:09,747 [INFO] PluginManage:310 - Check plugin ipmanager
2025-03-12 19:19:09,753 [INFO] PluginManage:359 - Loaded plugin ipmanager (category:base,tabindex:5)
2025-03-12 19:19:09,753 [INFO] PluginManage:310 - Check plugin lpbam
2025-03-12 19:19:09,764 [INFO] PluginManage:359 - Loaded plugin lpbam (category:base,tabindex:0)
2025-03-12 19:19:09,764 [INFO] PluginManage:310 - Check plugin memorymap
2025-03-12 19:19:09,778 [INFO] PluginManage:359 - Loaded plugin memorymap (category:base,tabindex:4)
2025-03-12 19:19:09,778 [INFO] PluginManage:310 - Check plugin pinoutandconfiguration
2025-03-12 19:19:09,786 [INFO] PluginManage:359 - Loaded plugin pinoutandconfiguration (category:base,tabindex:1)
2025-03-12 19:19:09,786 [INFO] PluginManage:310 - Check plugin pinoutconfig
2025-03-12 19:19:09,910 [WARN] SupportedApi:132 - Cannot load RTOS API schema: s4s-elt-must-match.1: The content of 'definitions' must match (annotation?, (simpleType | complexType)?, (unique | key | keyref)*)). A problem was found starting at: attribute.
2025-03-12 19:19:10,113 [INFO] PluginManage:359 - Loaded plugin pinoutconfig (category:base,tabindex:0)
2025-03-12 19:19:10,113 [INFO] PluginManage:310 - Check plugin power
2025-03-12 19:19:10,126 [INFO] PluginManage:359 - Loaded plugin power (category:power,tabindex:4)
2025-03-12 19:19:10,126 [INFO] PluginManage:310 - Check plugin projectmanager
2025-03-12 19:19:10,143 [INFO] PluginManage:359 - Loaded plugin projectmanager (category:projectmanager,tabindex:4)
2025-03-12 19:19:10,143 [INFO] PluginManage:310 - Check plugin rif
2025-03-12 19:19:10,150 [INFO] PluginManage:359 - Loaded plugin rif (category:base,tabindex:3)
2025-03-12 19:19:10,150 [INFO] PluginManage:310 - Check plugin thirdparty
2025-03-12 19:19:10,400 [WARN] IntegrityCheckThread:84 - waiting for thirdparty lock release [integrity check]
2025-03-12 19:19:10,400 [INFO] IntegrityCheckThread:86 - entering critical section [integrity check]
2025-03-12 19:19:10,400 [INFO] PluginManage:359 - Loaded plugin thirdparty (category:base,tabindex:-1)
2025-03-12 19:19:10,400 [INFO] ThirdPartyUpdaterWithRetryManager:70 - Updater plugin not ready yet. [1/15]
2025-03-12 19:19:10,401 [INFO] PluginManage:310 - Check plugin tools
2025-03-12 19:19:10,403 [INFO] PluginManage:359 - Loaded plugin tools (category:base,tabindex:7)
2025-03-12 19:19:10,403 [INFO] PluginManage:310 - Check plugin tutovideos
2025-03-12 19:19:10,644 [INFO] PluginManage:359 - Loaded plugin tutovideos (category:base,tabindex:-1)
2025-03-12 19:19:10,645 [INFO] PluginManage:310 - Check plugin updater
2025-03-12 19:19:10,695 [INFO] PluginManage:359 - Loaded plugin updater (category:base,tabindex:12)
2025-03-12 19:19:10,695 [INFO] PluginManage:310 - Check plugin userauth
2025-03-12 19:19:10,701 [INFO] UserAuth:118 - Init User Auth plugin
2025-03-12 19:19:10,703 [INFO] PluginManage:359 - Loaded plugin userauth (category:base,tabindex:14)
2025-03-12 19:19:10,705 [INFO] PluginManage:283 - PluginManage : Loaded plugins [18]
2025-03-12 19:19:10,978 [INFO] PinOutPanel:1589 - setPackage(No Configuration,No Configuration)
2025-03-12 19:19:11,074 [INFO] CADModel:165 - CPN selected for project level
2025-03-12 19:19:11,075 [INFO] CADModel:114 - Register for checkConnection events
2025-03-12 19:19:11,090 [INFO] IPUIPlugin:80 - create IPUIPlugin
2025-03-12 19:19:11,093 [INFO] PluginManager:220 - loadIPPluginJar : add plateformsettings
2025-03-12 19:19:11,106 [INFO] IPUIPlugin:80 - create IPUIPlugin
2025-03-12 19:19:11,106 [INFO] PluginManager:220 - loadIPPluginJar : add stm32_wpan
2025-03-12 19:19:11,110 [INFO] IPUIPlugin:80 - create IPUIPlugin
2025-03-12 19:19:11,110 [INFO] PluginManager:220 - loadIPPluginJar : add sai
2025-03-12 19:19:11,113 [INFO] IPUIPlugin:80 - create IPUIPlugin
2025-03-12 19:19:11,113 [INFO] PluginManager:220 - loadIPPluginJar : add usbx
2025-03-12 19:19:11,121 [INFO] IPUIPlugin:80 - create IPUIPlugin
2025-03-12 19:19:11,121 [INFO] PluginManager:220 - loadIPPluginJar : add adc
2025-03-12 19:19:11,126 [INFO] IPUIPlugin:80 - create IPUIPlugin
2025-03-12 19:19:11,126 [INFO] PluginManager:220 - loadIPPluginJar : add fmc
2025-03-12 19:19:11,129 [INFO] IPUIPlugin:80 - create IPUIPlugin
2025-03-12 19:19:11,129 [INFO] PluginManager:220 - loadIPPluginJar : add hash
2025-03-12 19:19:11,132 [INFO] IPUIPlugin:80 - create IPUIPlugin
2025-03-12 19:19:11,132 [INFO] PluginManager:220 - loadIPPluginJar : add ddr_ctrl_phy
2025-03-12 19:19:11,135 [INFO] IPUIPlugin:80 - create IPUIPlugin
2025-03-12 19:19:11,135 [INFO] PluginManager:220 - loadIPPluginJar : add can
2025-03-12 19:19:11,137 [INFO] IPUIPlugin:80 - create IPUIPlugin
2025-03-12 19:19:11,137 [INFO] PluginManager:220 - loadIPPluginJar : add quadspi
2025-03-12 19:19:11,138 [INFO] IPUIPlugin:80 - create IPUIPlugin
2025-03-12 19:19:11,139 [INFO] PluginManager:220 - loadIPPluginJar : add tsc
2025-03-12 19:19:11,140 [INFO] IPUIPlugin:80 - create IPUIPlugin
2025-03-12 19:19:11,140 [INFO] PluginManager:220 - loadIPPluginJar : add ltdc
2025-03-12 19:19:11,142 [INFO] IPUIPlugin:80 - create IPUIPlugin
2025-03-12 19:19:11,143 [INFO] PluginManager:220 - loadIPPluginJar : add radio
2025-03-12 19:19:11,146 [INFO] IPUIPlugin:80 - create IPUIPlugin
2025-03-12 19:19:11,146 [INFO] PluginManager:220 - loadIPPluginJar : add pdm2pcm
2025-03-12 19:19:11,148 [INFO] IPUIPlugin:80 - create IPUIPlugin
2025-03-12 19:19:11,148 [INFO] PluginManager:220 - loadIPPluginJar : add fatfs
2025-03-12 19:19:11,151 [INFO] IPUIPlugin:80 - create IPUIPlugin
2025-03-12 19:19:11,151 [INFO] PluginManager:220 - loadIPPluginJar : add i3c
2025-03-12 19:19:11,153 [INFO] IPUIPlugin:80 - create IPUIPlugin
2025-03-12 19:19:11,154 [INFO] PluginManager:220 - loadIPPluginJar : add comp
2025-03-12 19:19:11,161 [INFO] IPUIPlugin:80 - create IPUIPlugin
2025-03-12 19:19:11,162 [INFO] PluginManager:220 - loadIPPluginJar : add linkedlist
2025-03-12 19:19:11,164 [INFO] IPUIPlugin:80 - create IPUIPlugin
2025-03-12 19:19:11,165 [INFO] PluginManager:220 - loadIPPluginJar : add aes
2025-03-12 19:19:11,168 [INFO] IPUIPlugin:80 - create IPUIPlugin
2025-03-12 19:19:11,169 [INFO] PluginManager:220 - loadIPPluginJar : add touchsensing
2025-03-12 19:19:11,173 [INFO] IPUIPlugin:80 - create IPUIPlugin
2025-03-12 19:19:11,174 [INFO] PluginManager:220 - loadIPPluginJar : add dma3
2025-03-12 19:19:11,177 [INFO] IPUIPlugin:80 - create IPUIPlugin
2025-03-12 19:19:11,177 [INFO] PluginManager:220 - loadIPPluginJar : add dfsdm
2025-03-12 19:19:11,182 [INFO] IPUIPlugin:80 - create IPUIPlugin
2025-03-12 19:19:11,182 [INFO] PluginManager:220 - loadIPPluginJar : add extmemmanager
2025-03-12 19:19:11,190 [INFO] IPUIPlugin:80 - create IPUIPlugin
2025-03-12 19:19:11,190 [INFO] PluginManager:220 - loadIPPluginJar : add freertos
2025-03-12 19:19:11,193 [INFO] IPUIPlugin:80 - create IPUIPlugin
2025-03-12 19:19:11,193 [INFO] PluginManager:220 - loadIPPluginJar : add gfxmmu
2025-03-12 19:19:11,204 [INFO] IPUIPlugin:80 - create IPUIPlugin
2025-03-12 19:19:11,204 [INFO] PluginManager:220 - loadIPPluginJar : add dma
2025-03-12 19:19:11,208 [INFO] IPUIPlugin:80 - create IPUIPlugin
2025-03-12 19:19:11,208 [INFO] PluginManager:220 - loadIPPluginJar : add usart
2025-03-12 19:19:11,259 [INFO] IPUIPlugin:80 - create IPUIPlugin
2025-03-12 19:19:11,259 [INFO] PluginManager:220 - loadIPPluginJar : add ipddr
2025-03-12 19:19:11,268 [INFO] IPUIPlugin:80 - create IPUIPlugin
2025-03-12 19:19:11,269 [INFO] PluginManager:220 - loadIPPluginJar : add gic
2025-03-12 19:19:11,272 [INFO] IPUIPlugin:80 - create IPUIPlugin
2025-03-12 19:19:11,273 [INFO] PluginManager:220 - loadIPPluginJar : add tracer_emb
2025-03-12 19:19:11,275 [INFO] IPUIPlugin:80 - create IPUIPlugin
2025-03-12 19:19:11,275 [INFO] PluginManager:220 - loadIPPluginJar : add tim
2025-03-12 19:19:11,283 [INFO] IPUIPlugin:80 - create IPUIPlugin
2025-03-12 19:19:11,284 [INFO] PluginManager:220 - loadIPPluginJar : add mdma
2025-03-12 19:19:11,289 [INFO] IPUIPlugin:80 - create IPUIPlugin
2025-03-12 19:19:11,290 [INFO] PluginManager:220 - loadIPPluginJar : add nvic
2025-03-12 19:19:11,297 [INFO] IPUIPlugin:80 - create IPUIPlugin
2025-03-12 19:19:11,297 [INFO] PluginManager:220 - loadIPPluginJar : add resmgrutility
2025-03-12 19:19:11,331 [INFO] IPUIPlugin:80 - create IPUIPlugin
2025-03-12 19:19:11,332 [INFO] PluginManager:220 - loadIPPluginJar : add cryp
2025-03-12 19:19:11,335 [INFO] IPUIPlugin:80 - create IPUIPlugin
2025-03-12 19:19:11,337 [INFO] PluginManager:220 - loadIPPluginJar : add lorawan
2025-03-12 19:19:11,340 [INFO] IPUIPlugin:80 - create IPUIPlugin
2025-03-12 19:19:11,341 [INFO] PluginManager:220 - loadIPPluginJar : add openamp
2025-03-12 19:19:11,343 [INFO] IPUIPlugin:80 - create IPUIPlugin
2025-03-12 19:19:11,344 [INFO] PluginManager:220 - loadIPPluginJar : add i2s
2025-03-12 19:19:11,347 [INFO] IPUIPlugin:80 - create IPUIPlugin
2025-03-12 19:19:11,347 [INFO] PluginManager:220 - loadIPPluginJar : add i2c
2025-03-12 19:19:11,350 [INFO] IPUIPlugin:80 - create IPUIPlugin
2025-03-12 19:19:11,350 [INFO] PluginManager:220 - loadIPPluginJar : add opamp
2025-03-12 19:19:11,352 [INFO] IPUIPlugin:80 - create IPUIPlugin
2025-03-12 19:19:11,353 [INFO] PluginManager:220 - loadIPPluginJar : add ucpd
2025-03-12 19:19:11,354 [INFO] IPUIPlugin:80 - create IPUIPlugin
2025-03-12 19:19:11,354 [INFO] PluginManager:220 - loadIPPluginJar : add genericplugin
2025-03-12 19:19:11,357 [INFO] IPUIPlugin:80 - create IPUIPlugin
2025-03-12 19:19:11,357 [INFO] PluginManager:220 - loadIPPluginJar : add ts
2025-03-12 19:19:11,359 [INFO] IPUIPlugin:80 - create IPUIPlugin
2025-03-12 19:19:11,359 [INFO] PluginManager:220 - loadIPPluginJar : add spi
2025-03-12 19:19:11,362 [INFO] IPUIPlugin:80 - create IPUIPlugin
2025-03-12 19:19:11,362 [INFO] PluginManager:220 - loadIPPluginJar : add gtzc
2025-03-12 19:19:11,368 [INFO] IPUIPlugin:80 - create IPUIPlugin
2025-03-12 19:19:11,368 [INFO] PluginManager:220 - loadIPPluginJar : add gpio
2025-03-12 19:19:11,483 [FATAL] Updater:351 - Updater called before beeing initialized
2025-03-12 19:19:11,541 [INFO] RulesReader:64 - Compatibility file has been processed (297 Rules)
2025-03-12 19:19:11,567 [INFO] RulesReader:64 - Compatibility file has been processed (297 Rules)
2025-03-12 19:19:11,576 [INFO] CADModel:165 - CPN selected for project level
2025-03-12 19:19:11,577 [INFO] CADModel:114 - Register for checkConnection events
2025-03-12 19:19:11,577 [FATAL] Updater:351 - Updater called before beeing initialized
2025-03-12 19:19:11,577 [ERROR] CADModel:125 - Updater not yet initialized, retry later 
2025-03-12 19:19:11,918 [FATAL] Updater:351 - Updater called before beeing initialized
2025-03-12 19:19:11,922 [INFO] CADModel:165 - CPN selected for project level
2025-03-12 19:19:11,922 [INFO] CADModel:114 - Register for checkConnection events
2025-03-12 19:19:11,922 [FATAL] Updater:351 - Updater called before beeing initialized
2025-03-12 19:19:11,923 [ERROR] CADModel:125 - Updater not yet initialized, retry later 
2025-03-12 19:19:11,929 [FATAL] Updater:351 - Updater called before beeing initialized
2025-03-12 19:19:12,014 [FATAL] Updater:351 - Updater called before beeing initialized
2025-03-12 19:19:12,017 [INFO] DbMcusAds:53 - JSON generation date=Tue Dec 17 19:01:15 TRT 2024 (1734451275143)
2025-03-12 19:19:12,018 [FATAL] Updater:351 - Updater called before beeing initialized
2025-03-12 19:19:12,062 [WARN] DetailPanel:346 - Failed to get advertising image, set to default
2025-03-12 19:19:12,342 [FATAL] Updater:351 - Updater called before beeing initialized
2025-03-12 19:19:12,344 [FATAL] Updater:351 - Updater called before beeing initialized
2025-03-12 19:19:12,344 [FATAL] Updater:351 - Updater called before beeing initialized
2025-03-12 19:19:12,344 [WARN] DetailPanel:346 - Failed to get advertising image, set to default
2025-03-12 19:19:12,345 [FATAL] Updater:351 - Updater called before beeing initialized
2025-03-12 19:19:12,379 [ERROR] Updater:1198 - MainUpdater not yet initialized. External WinMGr cannot be set.
2025-03-12 19:19:12,381 [INFO] Updater:1134 - Updater Version found : 6.13.0
2025-03-12 19:19:12,401 [INFO] ApplicationProperties:184 - Using Application install path: /home/celik/st/stm32cubeide_1.17.0/plugins/com.st.stm32cube.common.mx_6.13.0.202411220809
2025-03-12 19:19:13,404 [INFO] ThirdPartyUpdaterWithRetryManager:70 - Updater plugin not ready yet. [2/15]
2025-03-12 19:19:14,408 [INFO] MainUpdater:2872 - connection check result : 10
2025-03-12 19:19:14,408 [INFO] MainUpdater:3566 - Updater definition file requires update
2025-03-12 19:19:14,409 [INFO] MainUpdater:289 - Updater Check For Update Now.
2025-03-12 19:19:14,409 [INFO] MicroXplorer:498 - Change Database Version : DB.6.0.130
2025-03-12 19:19:14,466 [INFO] McuFinderGlobals:63 - Set McuFinder mode to 2 (CubeIDE integrated)
2025-03-12 19:19:14,466 [INFO] UserAuth:171 - activating auth plugin
2025-03-12 19:19:14,472 [INFO] UserAuth:486 - Internet connection configuration mode: 1
2025-03-12 19:19:14,502 [INFO] JxBrowserEngine:152 - Initiate JxBrowser Engine with user profile folder
2025-03-12 19:19:14,619 [INFO] ServerAccessManage:473 - Download File updaters.zip
2025-03-12 19:19:14,786 [INFO] FileExtend:240 - Unzip File : updaters.zip
2025-03-12 19:19:14,786 [INFO] FileExtend:255 - Standard Zip Deflate
2025-03-12 19:19:15,353 [INFO] ServerAccessManage:473 - Download File PacksControlFlags.xml
2025-03-12 19:19:15,653 [INFO] ServerAccessManage:473 - Download File cubemx.pidx
2025-03-12 19:19:16,407 [WARN] MainUpdater:1193 - Updater busy. Cannot search thirdparties
2025-03-12 19:19:16,407 [INFO] ThirdPartyUpdaterWithRetryManager:96 - Updater plugin is busy. [1/15]
2025-03-12 19:19:16,525 [INFO] ServerAccessManage:473 - Download File STMicroelectronics.FP-SNS-FLIGHT1.pdsc
2025-03-12 19:19:18,058 [INFO] ServerAccessManage:473 - Download File STMicroelectronics.X-CUBE-BLE1.pdsc
2025-03-12 19:19:19,192 [INFO] WebApp:168 - Instantiating new browser for Auth
2025-03-12 19:19:19,408 [WARN] MainUpdater:1193 - Updater busy. Cannot search thirdparties
2025-03-12 19:19:19,408 [INFO] ThirdPartyUpdaterWithRetryManager:96 - Updater plugin is busy. [2/15]
2025-03-12 19:19:22,408 [WARN] MainUpdater:1193 - Updater busy. Cannot search thirdparties
2025-03-12 19:19:22,408 [INFO] ThirdPartyUpdaterWithRetryManager:96 - Updater plugin is busy. [3/15]
2025-03-12 19:19:23,591 [ERROR] ServerAccessManage:1089 - Problem, file not found on Server
2025-03-12 19:19:25,419 [WARN] MainUpdater:1193 - Updater busy. Cannot search thirdparties
2025-03-12 19:19:25,419 [INFO] ThirdPartyUpdaterWithRetryManager:96 - Updater plugin is busy. [4/15]
2025-03-12 19:19:26,545 [INFO] ServerAccessManage:473 - Download File STMicroelectronics.X-CUBE-TOUCHGFX.pdsc
2025-03-12 19:19:27,619 [INFO] WebApp:449 - Apply proxy settings
2025-03-12 19:19:27,620 [INFO] WebApp:534 - Chromium requires no authentication
2025-03-12 19:19:28,478 [WARN] MainUpdater:1193 - Updater busy. Cannot search thirdparties
2025-03-12 19:19:28,511 [INFO] ThirdPartyUpdaterWithRetryManager:96 - Updater plugin is busy. [5/15]
2025-03-12 19:19:28,896 [INFO] WebApp:477 - Direct internet connection detected
2025-03-12 19:19:30,379 [INFO] WebApp:880 - Register for checkConnection events
2025-03-12 19:19:30,379 [INFO] WebApp:449 - Apply proxy settings
2025-03-12 19:19:30,379 [INFO] WebApp:534 - Chromium requires no authentication
2025-03-12 19:19:30,430 [INFO] WebApp:477 - Direct internet connection detected
2025-03-12 19:19:30,990 [INFO] WebApp:221 - Starting web application
2025-03-12 19:19:30,991 [INFO] WebApp:579 - Web application path used /home/celik/st/stm32cubeide_1.17.0/plugins/com.st.stm32cube.common.mx_6.13.0.202411220809/db/plugins/mcufinder/reactClient1/index.html
2025-03-12 19:19:31,530 [WARN] MainUpdater:1193 - Updater busy. Cannot search thirdparties
2025-03-12 19:19:31,530 [INFO] ThirdPartyUpdaterWithRetryManager:96 - Updater plugin is busy. [6/15]
2025-03-12 19:19:34,536 [WARN] MainUpdater:1193 - Updater busy. Cannot search thirdparties
2025-03-12 19:19:34,538 [INFO] ThirdPartyUpdaterWithRetryManager:96 - Updater plugin is busy. [7/15]
2025-03-12 19:19:37,749 [WARN] MainUpdater:1193 - Updater busy. Cannot search thirdparties
2025-03-12 19:19:37,890 [INFO] ThirdPartyUpdaterWithRetryManager:96 - Updater plugin is busy. [8/15]
2025-03-12 19:19:41,897 [WARN] MainUpdater:1193 - Updater busy. Cannot search thirdparties
2025-03-12 19:19:43,405 [INFO] ThirdPartyUpdaterWithRetryManager:96 - Updater plugin is busy. [9/15]
2025-03-12 19:19:46,887 [WARN] MainUpdater:1193 - Updater busy. Cannot search thirdparties
2025-03-12 19:19:47,007 [INFO] ThirdPartyUpdaterWithRetryManager:96 - Updater plugin is busy. [10/15]
2025-03-12 19:19:50,239 [WARN] MainUpdater:1193 - Updater busy. Cannot search thirdparties
2025-03-12 19:19:50,321 [INFO] ThirdPartyUpdaterWithRetryManager:96 - Updater plugin is busy. [11/15]
2025-03-12 19:19:54,005 [WARN] MainUpdater:1193 - Updater busy. Cannot search thirdparties
2025-03-12 19:19:54,308 [INFO] ThirdPartyUpdaterWithRetryManager:96 - Updater plugin is busy. [12/15]
2025-03-12 19:19:57,372 [WARN] MainUpdater:1193 - Updater busy. Cannot search thirdparties
2025-03-12 19:19:57,377 [INFO] ThirdPartyUpdaterWithRetryManager:96 - Updater plugin is busy. [13/15]
2025-03-12 19:19:58,721 [WARN] PackLoader:240 - Cannot read IP mode file for STMicroelectronics.FP-SNS-FLIGHT1.5.1.0
2025-03-12 19:19:58,760 [WARN] PackLoader:240 - Cannot read IP mode file for STMicroelectronics.X-CUBE-BLE1.7.1.0
2025-03-12 19:19:58,775 [WARN] PackLoader:240 - Cannot read IP mode file for STMicroelectronics.X-CUBE-TOUCHGFX.4.25.0
2025-03-12 19:19:58,775 [INFO] PopulateThirdPartyThread:66 - Ending populate Thread
2025-03-12 19:19:58,784 [INFO] ThirdParty:1030 - CMSIS Pack Vendor :STMicroelectronics FP-SNS-FLIGHT1 5.1.0
2025-03-12 19:19:58,784 [INFO] ThirdParty:1030 - CMSIS Pack Vendor :STMicroelectronics X-CUBE-BLE1 7.1.0
2025-03-12 19:19:58,784 [INFO] ThirdParty:1030 - CMSIS Pack Vendor :STMicroelectronics X-CUBE-TOUCHGFX 4.25.0
2025-03-12 19:19:58,785 [INFO] LoadServerUpdatesThread:375 - End of LoadServerUpdate Thread
2025-03-12 19:19:58,823 [INFO] CheckServerUpdateThread:120 - End of CheckServer Thread
2025-03-12 19:20:00,050 [INFO] WebApp:187 - Connection restablished
2025-03-12 19:20:01,607 [WARN] PackLoader:240 - Cannot read IP mode file for STMicroelectronics.FP-SNS-MOTENVWB1.1.4.0
2025-03-12 19:20:01,619 [WARN] PackLoader:240 - Cannot read IP mode file for STMicroelectronics.FP-ATR-ASTRA1.2.0.2
2025-03-12 19:20:01,659 [WARN] PackLoader:240 - Cannot read IP mode file for STMicroelectronics.FP-ATR-ASTRA1.2.0.1
2025-03-12 19:20:01,714 [WARN] PackLoader:240 - Cannot read IP mode file for STMicroelectronics.X-CUBE-SMBUS.2.1.0
2025-03-12 19:20:01,759 [WARN] PackLoader:240 - Cannot read IP mode file for STMicroelectronics.X-CUBE-WB05N.1.1.0
2025-03-12 19:20:01,933 [WARN] PackLoader:240 - Cannot read IP mode file for STMicroelectronics.X-CUBE-AZRTOS-F7.1.1.0
2025-03-12 19:20:02,289 [WARN] PackLoader:240 - Cannot read IP mode file for STMicroelectronics.X-CUBE-MEMS1.11.0.0
2025-03-12 19:20:05,682 [WARN] PackLoader:240 - Cannot read IP mode file for STMicroelectronics.FP-SNS-FLIGHT1.5.0.2
2025-03-12 19:20:18,113 [WARN] PackLoader:240 - Cannot read IP mode file for STMicroelectronics.X-CUBE-DISPLAY.3.0.0
2025-03-12 19:20:18,182 [WARN] PackLoader:240 - Cannot read IP mode file for STMicroelectronics.X-CUBE-BLE1.7.0.0
2025-03-12 19:20:18,296 [WARN] PackLoader:240 - Cannot read IP mode file for STMicroelectronics.X-CUBE-NFC10.1.0.0
2025-03-12 19:20:18,348 [WARN] PackLoader:240 - Cannot read IP mode file for STMicroelectronics.X-CUBE-BLEMGR.4.0.0
2025-03-12 19:20:18,375 [WARN] PackLoader:240 - Cannot read IP mode file for emotas.I-CUBE-CANOPEN.1.3.0
2025-03-12 19:20:18,392 [WARN] PackLoader:240 - Cannot read IP mode file for STMicroelectronics.X-CUBE-BLEMGR.3.1.0
2025-03-12 19:20:18,407 [WARN] PackLoader:240 - Cannot read IP mode file for STMicroelectronics.X-CUBE-AI.10.0.0
2025-03-12 19:20:18,431 [WARN] PackLoader:240 - Cannot read IP mode file for STMicroelectronics.FP-SNS-SMARTAG2.1.2.0
2025-03-12 19:20:18,459 [WARN] PackLoader:240 - Cannot read IP mode file for STMicroelectronics.FP-SNS-FLIGHT1.5.1.0
2025-03-12 19:20:19,099 [WARN] PackLoader:240 - Cannot read IP mode file for STMicroelectronics.X-CUBE-MEMS1.11.1.0
2025-03-12 19:20:20,643 [INFO] LogOutputStream:77 - [STDOUT_REDIRECT] 1 : Invalid condition id : UX_CORESTACK_Condition cause : null
2025-03-12 19:20:20,667 [INFO] LogOutputStream:77 - [STDOUT_REDIRECT] 1 : Invalid condition id : UX_CORESTACK_Condition cause : null
2025-03-12 19:20:20,667 [INFO] LogOutputStream:77 - [STDOUT_REDIRECT] 1 : Invalid condition id : UX_CORESTACK_Condition cause : null
2025-03-12 19:20:20,667 [INFO] LogOutputStream:77 - [STDOUT_REDIRECT] 1 : Invalid condition id : UX_CORESTACK_Condition cause : null
2025-03-12 19:20:20,667 [INFO] LogOutputStream:77 - [STDOUT_REDIRECT] 1 : Invalid condition id : UX_CORESTACK_Condition cause : null
2025-03-12 19:20:20,840 [WARN] PackLoader:240 - Cannot read IP mode file for STMicroelectronics.X-CUBE-AZRTOS-WL.2.0.0
2025-03-12 19:20:21,980 [WARN] PackLoader:240 - Cannot read IP mode file for STMicroelectronics.FP-SNS-MOTENV1.5.0.0
2025-03-12 19:20:22,551 [WARN] PackLoader:240 - Cannot read IP mode file for wolfSSL.I-CUBE-wolfMQTT.1.19.0
2025-03-12 19:20:23,748 [WARN] PackLoader:240 - Cannot read IP mode file for WES.I-CUBE-Cesium.1.3.0
2025-03-12 19:20:25,079 [WARN] PackLoader:240 - Cannot read IP mode file for STMicroelectronics.X-CUBE-BLE2.3.3.0
2025-03-12 19:20:25,618 [WARN] PackLoader:240 - Cannot read IP mode file for STMicroelectronics.X-CUBE-NFC9.1.0.0
2025-03-12 19:20:26,141 [WARN] PackLoader:240 - Cannot read IP mode file for STMicroelectronics.X-CUBE-BLE1.7.1.0
2025-03-12 19:20:27,179 [WARN] PackLoader:240 - Cannot read IP mode file for STMicroelectronics.X-CUBE-TCPP.4.1.0
2025-03-12 19:20:28,000 [WARN] PackLoader:240 - Cannot read IP mode file for STMicroelectronics.X-CUBE-AZRTOS-G0.1.1.0
2025-03-12 19:20:28,670 [WARN] PackLoader:240 - Cannot read IP mode file for STMicroelectronics.X-CUBE-SAFEA1.1.2.2
2025-03-12 19:20:28,956 [WARN] PackLoader:240 - Cannot read IP mode file for STMicroelectronics.X-CUBE-NFC4.3.0.0
2025-03-12 19:20:29,219 [WARN] PackLoader:240 - Cannot read IP mode file for EmbeddedOffice.I-CUBE-FS-RTOS.1.0.1
2025-03-12 19:20:29,775 [WARN] PackLoader:240 - Cannot read IP mode file for STMicroelectronics.X-CUBE-TCPP.4.2.0
2025-03-12 19:20:29,951 [WARN] PackLoader:240 - Cannot read IP mode file for RealThread.X-CUBE-RT-Thread_Nano.4.1.1
2025-03-12 19:20:30,046 [WARN] PackLoader:240 - Cannot read IP mode file for STMicroelectronics.FP-ATR-SIGFOX1.3.2.0
2025-03-12 19:20:30,211 [WARN] ConditionMgr:438 - getConditionDescription Invalid condition id : Cortex-A Device cause : null
2025-03-12 19:20:33,011 [WARN] ConditionMgr:1044 - genDependencies : Invalid condition id : Cortex-A Device cause : null
2025-03-12 19:20:33,138 [WARN] ConditionMgr:1044 - genDependencies : Invalid condition id : Cortex-A Device cause : null
2025-03-12 19:20:33,388 [WARN] ConditionMgr:1044 - genDependencies : Invalid condition id : Cortex-A Device cause : null
2025-03-12 19:20:34,456 [WARN] PackLoader:240 - Cannot read IP mode file for STMicroelectronics.X-CUBE-EEPRMA1.5.1.0
2025-03-12 19:20:35,288 [WARN] PackLoader:240 - Cannot read IP mode file for wolfSSL.I-CUBE-wolfSSL.5.7.4
2025-03-12 19:20:35,555 [WARN] PackLoader:240 - Cannot read IP mode file for ITTIA_DB.I-CUBE-ITTIADB.8.9.0
2025-03-12 19:20:37,086 [WARN] PackLoader:240 - Cannot read IP mode file for SEGGER.I-CUBE-embOS.1.3.1
2025-03-12 19:20:43,575 [WARN] PackLoader:240 - Cannot read IP mode file for STMicroelectronics.X-CUBE-ALGOBUILD.1.4.0
2025-03-12 19:20:44,327 [WARN] PackLoader:240 - Cannot read IP mode file for STMicroelectronics.X-CUBE-AI.9.1.0
2025-03-12 19:20:44,792 [WARN] PackLoader:240 - Cannot read IP mode file for STMicroelectronics.X-CUBE-AZRTOS-F4.1.1.0
2025-03-12 19:20:45,159 [WARN] PackLoader:240 - Cannot read IP mode file for STMicroelectronics.X-CUBE-ISPU.2.1.0
2025-03-12 19:20:45,463 [WARN] PackLoader:240 - Cannot read IP mode file for STMicroelectronics.X-CUBE-FREERTOS.1.2.0
2025-03-12 19:20:46,220 [WARN] PackLoader:240 - Cannot read IP mode file for STMicroelectronics.X-CUBE-AZRTOS-L5.2.0.0
2025-03-12 19:20:47,373 [WARN] PackLoader:240 - Cannot read IP mode file for STMicroelectronics.X-CUBE-NFC6.3.1.0
2025-03-12 19:20:50,940 [WARN] PackLoader:240 - Cannot read IP mode file for STMicroelectronics.X-CUBE-DPower.1.2.0
2025-03-12 19:20:55,071 [WARN] PackLoader:240 - Cannot read IP mode file for STMicroelectronics.X-CUBE-FREERTOS.1.3.0
2025-03-12 19:21:01,746 [WARN] PackLoader:240 - Cannot read IP mode file for STMicroelectronics.X-CUBE-NFC7.1.0.1
2025-03-12 19:21:02,463 [WARN] ConditionMgr:438 - getConditionDescription Invalid condition id : LAN8742 Phy interface Condition cause : null
2025-03-12 19:21:02,496 [WARN] PackLoader:240 - Cannot read IP mode file for STMicroelectronics.X-CUBE-AZRTOS-L4.2.0.0
2025-03-12 19:21:02,619 [WARN] ConditionMgr:1044 - genDependencies : Invalid condition id : LAN8742 Phy interface Condition cause : null
2025-03-12 19:21:02,629 [WARN] ConditionMgr:1044 - genDependencies : Invalid condition id : LAN8742 Phy interface Condition cause : null
2025-03-12 19:21:02,629 [WARN] ConditionMgr:1044 - genDependencies : Invalid condition id : LAN8742 Phy interface Condition cause : null
2025-03-12 19:21:03,022 [WARN] PackLoader:240 - Cannot read IP mode file for STMicroelectronics.X-CUBE-SFXS2LP1.4.0.0
2025-03-12 19:21:04,148 [WARN] PackLoader:240 - Cannot read IP mode file for STMicroelectronics.X-CUBE-AZRTOS-H7.3.3.0
2025-03-12 19:21:06,361 [WARN] PackLoader:240 - Cannot read IP mode file for STMicroelectronics.X-CUBE-IPS.3.0.0
2025-03-12 19:21:07,092 [WARN] ConditionMgr:438 - getConditionDescription Invalid condition id : UX DEVICE CLASS RTOS Condition cause : null
2025-03-12 19:21:07,097 [WARN] ConditionMgr:438 - getConditionDescription Invalid condition id : UX DEVICE CLASS RTOS Condition cause : null
2025-03-12 19:21:07,126 [WARN] PackLoader:240 - Cannot read IP mode file for STMicroelectronics.X-CUBE-AZRTOS-WB.2.0.0
2025-03-12 19:21:07,145 [WARN] ConditionMgr:1044 - genDependencies : Invalid condition id : UX DEVICE CLASS RTOS Condition cause : null
2025-03-12 19:21:07,145 [WARN] ConditionMgr:1044 - genDependencies : Invalid condition id : UX DEVICE CLASS RTOS Condition cause : null
2025-03-12 19:21:07,146 [WARN] ConditionMgr:1044 - genDependencies : Invalid condition id : UX DEVICE CLASS RTOS Condition cause : null
2025-03-12 19:21:07,146 [WARN] ConditionMgr:1044 - genDependencies : Invalid condition id : UX DEVICE CLASS RTOS Condition cause : null
2025-03-12 19:21:07,146 [WARN] ConditionMgr:1044 - genDependencies : Invalid condition id : UX DEVICE CLASS RTOS Condition cause : null
2025-03-12 19:21:07,312 [WARN] PackLoader:240 - Cannot read IP mode file for STMicroelectronics.X-CUBE-GNSS1.7.0.0
2025-03-12 19:21:07,454 [WARN] PackLoader:240 - Cannot read IP mode file for STMicroelectronics.X-CUBE-GNSS1.7.0.1
2025-03-12 19:21:07,614 [WARN] PackLoader:240 - Cannot read IP mode file for STMicroelectronics.X-CUBE-TOUCHGFX.4.25.0
2025-03-12 19:21:07,837 [WARN] PackLoader:240 - Cannot read IP mode file for STMicroelectronics.FP-SNS-STBOX1.2.0.0
2025-03-12 19:21:08,006 [WARN] PackLoader:240 - Cannot read IP mode file for STMicroelectronics.X-CUBE-SUBG2.5.0.0
2025-03-12 19:21:08,425 [WARN] PackLoader:240 - Cannot read IP mode file for Cesanta.I-CUBE-Mongoose.7.13.0
2025-03-12 19:21:08,573 [WARN] PackLoader:240 - Cannot read IP mode file for STMicroelectronics.X-CUBE-AZRTOS-G4.2.0.0
2025-03-12 19:21:09,173 [WARN] PackLoader:240 - Cannot read IP mode file for STMicroelectronics.X-CUBE-IPS.3.1.0
2025-03-12 19:21:09,590 [WARN] PackLoader:240 - Cannot read IP mode file for STMicroelectronics.X-CUBE-ALS.1.0.2
2025-03-12 19:21:10,011 [WARN] PackLoader:240 - Cannot read IP mode file for STMicroelectronics.X-CUBE-TOUCHGFX.4.24.2
2025-03-12 19:21:10,702 [WARN] PackLoader:240 - Cannot read IP mode file for STMicroelectronics.X-CUBE-TOUCHGFX.4.24.1
2025-03-12 19:21:12,560 [WARN] PackLoader:240 - Cannot read IP mode file for wolfSSL.I-CUBE-wolfTPM.3.4.0
2025-03-12 19:21:12,731 [WARN] PackLoader:240 - Cannot read IP mode file for portGmbH.I-Cube-SoM-uGOAL.1.1.0
2025-03-12 19:21:13,646 [WARN] PackLoader:240 - Cannot read IP mode file for STMicroelectronics.X-CUBE-AZRTOS-H7RS.1.0.0
2025-03-12 19:21:17,474 [WARN] PackLoader:240 - Cannot read IP mode file for STMicroelectronics.FP-ATR-ASTRA1.2.0.0
2025-03-12 19:21:19,235 [WARN] PackLoader:240 - Cannot read IP mode file for STMicroelectronics.X-CUBE-TOF1.3.4.2
2025-03-12 19:21:21,065 [WARN] PackLoader:240 - Cannot read IP mode file for Infineon.AIROC-Wi-Fi-Bluetooth-STM32.1.6.1
2025-03-12 19:21:27,229 [WARN] PackLoader:240 - Cannot read IP mode file for wolfSSL.I-CUBE-wolfSSH.1.4.17
2025-03-12 19:21:27,661 [INFO] ThirdParty:978 - Integrity check success = true
2025-03-12 19:21:27,715 [INFO] IntegrityCheckThread:100 - exiting critical section [integrity check]
2025-03-12 19:21:27,715 [INFO] IntegrityCheckThread:103 - End integrity checks thread
